<?xml version="1.0" encoding="UTF-8"?>
<!-- Generated by org.testng.reporters.JUnitReportReporter -->
<testsuite skipped="0" hostname="IN2196867W4" name="pack.oclockmavenproject.class2" tests="2" failures="0" timestamp="2021-05-07T08:27:02 IST" time="0.020" errors="0">
  <testcase name="method12" time="0.018" classname="pack.oclockmavenproject.class2"/>
  <system-out/>
  <testcase name="method11" time="0.002" classname="pack.oclockmavenproject.class2"/>
  <system-out/>
</testsuite> <!-- pack.oclockmavenproject.class2 -->
