<?xml version="1.0" encoding="UTF-8"?>
<!-- Generated by org.testng.reporters.JUnitReportReporter -->
<testsuite skipped="0" hostname="IN2196867W4" name="facebookproject.facebookaccountcreation" tests="1" failures="0" timestamp="2021-05-10T08:37:07 IST" time="2.133" errors="0">
  <testcase name="accoutncreate" time="2.133" classname="facebookproject.facebookaccountcreation"/>
  <system-out/>
</testsuite> <!-- facebookproject.facebookaccountcreation -->
