<?xml version="1.0" encoding="UTF-8"?>
<!-- Generated by org.testng.reporters.JUnitReportReporter -->
<testsuite skipped="0" hostname="IN2196867W4" name="facebookproject.facebookloginandlogout" tests="3" failures="0" timestamp="2021-05-10T08:37:07 IST" time="60.316" errors="0">
  <testcase name="loginandlogout" time="20.612" classname="facebookproject.facebookloginandlogout"/>
  <system-out/>
  <testcase name="loginandlogout" time="13.043" classname="facebookproject.facebookloginandlogout"/>
  <system-out/>
  <testcase name="loginandlogout" time="26.661" classname="facebookproject.facebookloginandlogout"/>
  <system-out/>
</testsuite> <!-- facebookproject.facebookloginandlogout -->
