<?xml version="1.0" encoding="UTF-8"?>
<!-- Generated by org.testng.reporters.JUnitReportReporter -->
<testsuite skipped="0" hostname="IN2196867W4" name="pack.oclockmavenproject.class1" tests="1" failures="0" timestamp="2021-05-07T08:27:02 IST" time="0.019" errors="0">
  <testcase name="method11" time="0.019" classname="pack.oclockmavenproject.class1"/>
  <system-out/>
</testsuite> <!-- pack.oclockmavenproject.class1 -->
