<?xml version="1.0" encoding="UTF-8"?>
<!-- Generated by org.testng.reporters.JUnitReportReporter -->
<testsuite skipped="0" hostname="IN2196867W4" name="facebookproject.facebookloginandlogout" tests="3" failures="0" timestamp="2021-05-14T10:03:37 IST" time="81.220" errors="0">
  <testcase name="loginandlogout" time="23.184" classname="facebookproject.facebookloginandlogout"/>
  <system-out/>
  <testcase name="loginandlogout" time="21.643" classname="facebookproject.facebookloginandlogout"/>
  <system-out/>
  <testcase name="loginandlogout" time="36.393" classname="facebookproject.facebookloginandlogout"/>
  <system-out/>
</testsuite> <!-- facebookproject.facebookloginandlogout -->
