<?xml version="1.0" encoding="UTF-8"?>
<!-- Generated by org.testng.reporters.JUnitReportReporter -->
<testsuite skipped="0" hostname="IN2196867W4" name="facebookproject.facebookaccountcreation" tests="1" failures="0" timestamp="2021-05-14T10:03:37 IST" time="4.055" errors="0">
  <testcase name="accoutncreate" time="4.055" classname="facebookproject.facebookaccountcreation"/>
  <system-out/>
</testsuite> <!-- facebookproject.facebookaccountcreation -->
